<?xml version="1.0" encoding="UTF-8"?>
<!-- Generated by org.testng.reporters.JUnitXMLReporter -->
<testsuite ignored="0" hostname="Test" failures="1" tests="16" name="Default test" time="7.629" errors="0" timestamp="2025-01-31T12:30:30 EET">
  <testcase classname="saucedemo.testCases.TestExecution" name="TC1" time="0.147"/>
  <testcase classname="saucedemo.testCases.TestExecution" name="TC2" time="0.174"/>
  <testcase classname="saucedemo.testCases.TestExecution" name="TC3" time="0.27"/>
  <testcase classname="saucedemo.testCases.TestExecution" name="TC4" time="0.213"/>
  <testcase classname="saucedemo.testCases.TestExecution" name="TC5" time="0.009"/>
  <testcase classname="saucedemo.testCases.TestExecution" name="TC6" time="0.015"/>
  <testcase classname="saucedemo.testCases.TestExecution" name="TC7" time="0.26"/>
  <testcase classname="saucedemo.testCases.TestExecution" name="TC8" time="0.192"/>
  <testcase classname="saucedemo.testCases.TestExecution" name="TC9" time="0.045"/>
  <testcase classname="saucedemo.testCases.TestExecution" name="TC10" time="3.275"/>
  <testcase classname="saucedemo.testCases.TestExecution" name="TC11" time="0.025"/>
  <testcase classname="saucedemo.testCases.TestExecution" name="TC12" time="0.545"/>
  <testcase classname="saucedemo.testCases.TestExecution" name="TC13" time="0.44"/>
  <testcase classname="saucedemo.testCases.TestExecution" name="TC14" time="0.135"/>
  <testcase classname="saucedemo.testCases.TestExecution" name="TC15" time="0.193">
    <failure type="java.lang.AssertionError" message="The following asserts failed:
	TC 15 FAILED: Item total is not displaying correct value. expected [129.94] but found [132.94]">
      <![CDATA[java.lang.AssertionError: The following asserts failed:
TC 15 FAILED: Item total is not displaying correct value. expected [129.94] but found [132.94]
at org.testng.asserts.SoftAssert.assertAll(SoftAssert.java:47)
at org.testng.asserts.SoftAssert.assertAll(SoftAssert.java:31)
at saucedemo.pageObject.CartPage.checkoutPriceValidation(CartPage.java:128)
at saucedemo.testCases.TestExecution.TC15(TestExecution.java:128)
at java.base/jdk.internal.reflect.NativeMethodAccessorImpl.invoke0(Native Method)
at java.base/jdk.internal.reflect.NativeMethodAccessorImpl.invoke(NativeMethodAccessorImpl.java:77)
at java.base/jdk.internal.reflect.DelegatingMethodAccessorImpl.invoke(DelegatingMethodAccessorImpl.java:43)
at java.base/java.lang.reflect.Method.invoke(Method.java:568)
at org.testng.internal.MethodInvocationHelper.invokeMethod(MethodInvocationHelper.java:133)
at org.testng.internal.TestInvoker.invokeMethod(TestInvoker.java:598)
at org.testng.internal.TestInvoker.invokeTestMethod(TestInvoker.java:173)
at org.testng.internal.MethodRunner.runInSequence(MethodRunner.java:46)
at org.testng.internal.TestInvoker$MethodInvocationAgent.invoke(TestInvoker.java:824)
at org.testng.internal.TestInvoker.invokeTestMethods(TestInvoker.java:146)
at org.testng.internal.TestMethodWorker.invokeTestMethods(TestMethodWorker.java:146)
at org.testng.internal.TestMethodWorker.run(TestMethodWorker.java:128)
at java.base/java.util.ArrayList.forEach(ArrayList.java:1511)
at org.testng.TestRunner.privateRun(TestRunner.java:794)
at org.testng.TestRunner.run(TestRunner.java:596)
at org.testng.SuiteRunner.runTest(SuiteRunner.java:377)
at org.testng.SuiteRunner.runSequentially(SuiteRunner.java:371)
at org.testng.SuiteRunner.privateRun(SuiteRunner.java:332)
at org.testng.SuiteRunner.run(SuiteRunner.java:276)
at org.testng.SuiteRunnerWorker.runSuite(SuiteRunnerWorker.java:53)
at org.testng.SuiteRunnerWorker.run(SuiteRunnerWorker.java:96)
at org.testng.TestNG.runSuitesSequentially(TestNG.java:1212)
at org.testng.TestNG.runSuitesLocally(TestNG.java:1134)
at org.testng.TestNG.runSuites(TestNG.java:1063)
at org.testng.TestNG.run(TestNG.java:1031)
at org.testng.remote.AbstractRemoteTestNG.run(AbstractRemoteTestNG.java:115)
at org.testng.remote.RemoteTestNG.initAndRun(RemoteTestNG.java:293)
at org.testng.remote.RemoteTestNG.main(RemoteTestNG.java:91)
]]>
    </failure>
  </testcase> <!-- TC15 -->
  <testcase classname="saucedemo.testCases.TestExecution" name="TC16" time="0.0">
    <skipped/>
  </testcase> <!-- TC16 -->
</testsuite> <!-- Default test -->
