<?xml version="1.0" encoding="UTF-8"?>
<!-- Generated by org.testng.reporters.JUnitReportReporter -->
<testsuite hostname="Test" failures="0" tests="16" name="saucedemo.testCases.TestExecution" time="1.451" errors="1" timestamp="2025-06-27T15:17:50 EEST" skipped="5">
  <testcase classname="saucedemo.testCases.TestExecution" name="TC2" time="0.133"/>
  <testcase classname="saucedemo.testCases.TestExecution" name="TC3" time="0.212"/>
  <testcase classname="saucedemo.testCases.TestExecution" name="TC12" time="0.000">
    <skipped/>
  </testcase> <!-- TC12 -->
  <testcase classname="saucedemo.testCases.TestExecution" name="TC5" time="0.007"/>
  <testcase classname="saucedemo.testCases.TestExecution" name="TC11" time="0.016">
    <error message="For input string: &quot;&quot;" type="java.lang.NumberFormatException">
      <![CDATA[java.lang.NumberFormatException: For input string: ""
at java.base/java.lang.NumberFormatException.forInputString(NumberFormatException.java:67)
at java.base/java.lang.Integer.parseInt(Integer.java:678)
at java.base/java.lang.Integer.parseInt(Integer.java:786)
at saucedemo.pageObject.ProductCatalog.cartIconNumberAssertion(ProductCatalog.java:168)
at saucedemo.testCases.TestExecution.TC11(TestExecution.java:94)
at java.base/jdk.internal.reflect.NativeMethodAccessorImpl.invoke0(Native Method)
at java.base/jdk.internal.reflect.NativeMethodAccessorImpl.invoke(NativeMethodAccessorImpl.java:77)
at java.base/jdk.internal.reflect.DelegatingMethodAccessorImpl.invoke(DelegatingMethodAccessorImpl.java:43)
at java.base/java.lang.reflect.Method.invoke(Method.java:568)
at org.testng.internal.invokers.MethodInvocationHelper.invokeMethod(MethodInvocationHelper.java:141)
at org.testng.internal.invokers.TestInvoker.invokeMethod(TestInvoker.java:687)
at org.testng.internal.invokers.TestInvoker.invokeTestMethod(TestInvoker.java:230)
at org.testng.internal.invokers.MethodRunner.runInSequence(MethodRunner.java:63)
at org.testng.internal.invokers.TestInvoker$MethodInvocationAgent.invoke(TestInvoker.java:995)
at org.testng.internal.invokers.TestInvoker.invokeTestMethods(TestInvoker.java:203)
at org.testng.internal.invokers.TestMethodWorker.invokeTestMethods(TestMethodWorker.java:154)
at org.testng.internal.invokers.TestMethodWorker.run(TestMethodWorker.java:134)
at java.base/java.util.ArrayList.forEach(ArrayList.java:1511)
at org.testng.TestRunner.privateRun(TestRunner.java:741)
at org.testng.TestRunner.run(TestRunner.java:616)
at org.testng.SuiteRunner.runTest(SuiteRunner.java:421)
at org.testng.SuiteRunner.runSequentially(SuiteRunner.java:413)
at org.testng.SuiteRunner.privateRun(SuiteRunner.java:373)
at org.testng.SuiteRunner.run(SuiteRunner.java:312)
at org.testng.SuiteRunnerWorker.runSuite(SuiteRunnerWorker.java:52)
at org.testng.SuiteRunnerWorker.run(SuiteRunnerWorker.java:95)
at org.testng.TestNG.runSuitesSequentially(TestNG.java:1274)
at org.testng.TestNG.runSuitesLocally(TestNG.java:1208)
at org.testng.TestNG.runSuites(TestNG.java:1112)
at org.testng.TestNG.run(TestNG.java:1079)
at org.apache.maven.surefire.testng.TestNGExecutor.run(TestNGExecutor.java:308)
at org.apache.maven.surefire.testng.TestNGXmlTestSuite.execute(TestNGXmlTestSuite.java:71)
at org.apache.maven.surefire.testng.TestNGProvider.invoke(TestNGProvider.java:113)
at org.apache.maven.surefire.booter.ForkedBooter.runSuitesInProcess(ForkedBooter.java:385)
at org.apache.maven.surefire.booter.ForkedBooter.execute(ForkedBooter.java:162)
at org.apache.maven.surefire.booter.ForkedBooter.run(ForkedBooter.java:507)
at org.apache.maven.surefire.booter.ForkedBooter.main(ForkedBooter.java:495)
]]>
    </error>
  </testcase> <!-- TC11 -->
  <testcase classname="saucedemo.testCases.TestExecution" name="TC13" time="0.000">
    <skipped/>
  </testcase> <!-- TC13 -->
  <testcase classname="saucedemo.testCases.TestExecution" name="TC6" time="0.012"/>
  <testcase classname="saucedemo.testCases.TestExecution" name="TC1" time="0.154"/>
  <testcase classname="saucedemo.testCases.TestExecution" name="TC4" time="0.168"/>
  <testcase classname="saucedemo.testCases.TestExecution" name="TC7" time="0.229"/>
  <testcase classname="saucedemo.testCases.TestExecution" name="TC9" time="0.041"/>
  <testcase classname="saucedemo.testCases.TestExecution" name="TC10" time="0.273"/>
  <testcase classname="saucedemo.testCases.TestExecution" name="TC16" time="0.000">
    <skipped/>
  </testcase> <!-- TC16 -->
  <testcase classname="saucedemo.testCases.TestExecution" name="TC8" time="0.206"/>
  <testcase classname="saucedemo.testCases.TestExecution" name="TC14" time="0.000">
    <skipped/>
  </testcase> <!-- TC14 -->
  <testcase classname="saucedemo.testCases.TestExecution" name="TC15" time="0.000">
    <skipped/>
  </testcase> <!-- TC15 -->
</testsuite> <!-- saucedemo.testCases.TestExecution -->
